{
  "RSpec": {
    "coverage": {
      "/Users/Sophie/Google Drive/Projects/oystercard_challenge/spec/oystercard_spec.rb": [
        1,
        null,
        1,
        11,
        null,
        null,
        1,
        null,
        2,
        null,
        1,
        1,
        null,
        null,
        null,
        1,
        null,
        2,
        null,
        1,
        4,
        null,
        null,
        1,
        1,
        1,
        2,
        null,
        null,
        null,
        null,
        1,
        null,
        1,
        1,
        null,
        null,
        1,
        4,
        null,
        null,
        null,
        1,
        null,
        1,
        1,
        null,
        null,
        null,
        null,
        1,
        null,
        1,
        1,
        null,
        null,
        null,
        null,
        1,
        1,
        2,
        null,
        1,
        1,
        null,
        1,
        1,
        1,
        null,
        null,
        null,
        null
      ],
      "/Users/Sophie/Google Drive/Projects/oystercard_challenge/lib/oystercard.rb": [
        1,
        1,
        1,
        null,
        1,
        10,
        10,
        null,
        null,
        1,
        4,
        3,
        null,
        null,
        1,
        4,
        null,
        null,
        1,
        1,
        null,
        null,
        1,
        1,
        null,
        null,
        1,
        3,
        null,
        null,
        1,
        2,
        null,
        null,
        1,
        2,
        null,
        null,
        null
      ]
    },
    "timestamp": 1468331673
  }
}
